This file contains any messages produced by compilers while
running configure, to aid debugging if configure makes a mistake.

It was created by HTSlib configure 1.9, which was
generated by GNU Autoconf 2.69.  Invocation command line was

  $ ./configure --prefix=/1.9 --disable-libcurl --disable-lzma --disable-bz2

## --------- ##
## Platform. ##
## --------- ##

hostname = localhost.localdomain
uname -m = x86_64
uname -r = 3.10.0-957.5.1.el7.x86_64
uname -s = Linux
uname -v = #1 SMP Fri Feb 1 14:54:57 UTC 2019

/usr/bin/uname -p = x86_64
/bin/uname -X     = unknown

/bin/arch              = x86_64
/usr/bin/arch -k       = unknown
/usr/convex/getsysinfo = unknown
/usr/bin/hostinfo      = unknown
/bin/machine           = unknown
/usr/bin/oslevel       = unknown
/bin/universe          = unknown

PATH: /root/perl5/bin
PATH: /home/software/apache-maven-3.5.2/bin
PATH: /home/software/biosoft/minimap2-master
PATH: /home/software/biosoft/biobambam2/2.0.79-release-20171006114010/x86_64-etch-linux-gnu/bin
PATH: /home/software/google-perftools/local/gperftools-2.6.2/bin
PATH: /home/software/biosoft/bwa-0.7.15
PATH: /home/software/biosoft/samtools-1.5/bin/bin
PATH: /home/tangjb/BIN/
PATH: /home/intelFPGA_pro/17.1/hld/bin
PATH: /home/intelFPGA_pro/17.1/quartus/bin
PATH: /home/intelFPGA_pro/17.1/qsys/bin
PATH: /opt/altera/aocl-pro-rte/bin
PATH: /mnt/ssd/DNApipe/bin
PATH: /usr/local/bin
PATH: /usr/bin
PATH: /usr/local/sbin
PATH: /usr/sbin
PATH: /usr/lib/jvm/java-1.8.0-openjdk-1.8.0.141-1.b16.el7_3.x86_64/bin
PATH: /usr/lib/jvm/java-1.8.0-openjdk-1.8.0.141-1.b16.el7_3.x86_64/jre/bin
PATH: /root/bin


## ----------- ##
## Core tests. ##
## ----------- ##

configure:2172: checking for gcc
configure:2188: found /usr/bin/gcc
configure:2199: result: gcc
configure:2428: checking for C compiler version
configure:2437: gcc --version >&5
gcc (GCC) 4.8.5 20150623 (Red Hat 4.8.5-16)
Copyright (C) 2015 Free Software Foundation, Inc.
This is free software; see the source for copying conditions.  There is NO
warranty; not even for MERCHANTABILITY or FITNESS FOR A PARTICULAR PURPOSE.

configure:2448: $? = 0
configure:2437: gcc -v >&5
Using built-in specs.
COLLECT_GCC=gcc
COLLECT_LTO_WRAPPER=/usr/libexec/gcc/x86_64-redhat-linux/4.8.5/lto-wrapper
Target: x86_64-redhat-linux
Configured with: ../configure --prefix=/usr --mandir=/usr/share/man --infodir=/usr/share/info --with-bugurl=http://bugzilla.redhat.com/bugzilla --enable-bootstrap --enable-shared --enable-threads=posix --enable-checking=release --with-system-zlib --enable-__cxa_atexit --disable-libunwind-exceptions --enable-gnu-unique-object --enable-linker-build-id --with-linker-hash-style=gnu --enable-languages=c,c++,objc,obj-c++,java,fortran,ada,go,lto --enable-plugin --enable-initfini-array --disable-libgcj --with-isl=/builddir/build/BUILD/gcc-4.8.5-20150702/obj-x86_64-redhat-linux/isl-install --with-cloog=/builddir/build/BUILD/gcc-4.8.5-20150702/obj-x86_64-redhat-linux/cloog-install --enable-gnu-indirect-function --with-tune=generic --with-arch_32=x86-64 --build=x86_64-redhat-linux
Thread model: posix
gcc version 4.8.5 20150623 (Red Hat 4.8.5-16) (GCC) 
configure:2448: $? = 0
configure:2437: gcc -V >&5
gcc: error: unrecognized command line option '-V'
gcc: fatal error: no input files
compilation terminated.
configure:2448: $? = 4
configure:2437: gcc -qversion >&5
gcc: error: unrecognized command line option '-qversion'
gcc: fatal error: no input files
compilation terminated.
configure:2448: $? = 4
configure:2468: checking whether the C compiler works
configure:2490: gcc    conftest.c  >&5
configure:2494: $? = 0
configure:2542: result: yes
configure:2545: checking for C compiler default output file name
configure:2547: result: a.out
configure:2553: checking for suffix of executables
configure:2560: gcc -o conftest    conftest.c  >&5
configure:2564: $? = 0
configure:2586: result: 
configure:2608: checking whether we are cross compiling
configure:2616: gcc -o conftest    conftest.c  >&5
configure:2620: $? = 0
configure:2627: ./conftest
configure:2631: $? = 0
configure:2646: result: no
configure:2651: checking for suffix of object files
configure:2673: gcc -c   conftest.c >&5
configure:2677: $? = 0
configure:2698: result: o
configure:2702: checking whether we are using the GNU C compiler
configure:2721: gcc -c   conftest.c >&5
configure:2721: $? = 0
configure:2730: result: yes
configure:2739: checking whether gcc accepts -g
configure:2759: gcc -c -g  conftest.c >&5
configure:2759: $? = 0
configure:2800: result: yes
configure:2817: checking for gcc option to accept ISO C89
configure:2880: gcc  -c -g -O2  conftest.c >&5
configure:2880: $? = 0
configure:2893: result: none needed
configure:2956: checking for ranlib
configure:2972: found /usr/bin/ranlib
configure:2983: result: ranlib
configure:3006: checking for grep that handles long lines and -e
configure:3064: result: /usr/bin/grep
configure:3089: checking for C compiler warning flags
configure:3202: result: -Wall
configure:3319: checking for special C compiler options needed for large files
configure:3364: result: no
configure:3370: checking for _FILE_OFFSET_BITS value needed for large files
configure:3395: gcc -c  -Wall -g -O2  conftest.c >&5
configure:3395: $? = 0
configure:3427: result: no
configure:3512: checking for _LARGEFILE_SOURCE value needed for large files
configure:3531: gcc -o conftest  -Wall -g -O2   conftest.c  >&5
configure:3531: $? = 0
configure:3559: result: no
configure:3661: checking shared library type for unknown-Linux
configure:3689: result: plain .so
configure:3698: checking how to run the C preprocessor
configure:3729: gcc -E  conftest.c
configure:3729: $? = 0
configure:3743: gcc -E  conftest.c
conftest.c:10:28: fatal error: ac_nonexistent.h: No such file or directory
 #include <ac_nonexistent.h>
                            ^
compilation terminated.
configure:3743: $? = 1
configure: failed program was:
| /* confdefs.h */
| #define PACKAGE_NAME "HTSlib"
| #define PACKAGE_TARNAME "htslib"
| #define PACKAGE_VERSION "1.9"
| #define PACKAGE_STRING "HTSlib 1.9"
| #define PACKAGE_BUGREPORT "samtools-help@lists.sourceforge.net"
| #define PACKAGE_URL "http://www.htslib.org/"
| #define HAVE_FSEEKO 1
| /* end confdefs.h.  */
| #include <ac_nonexistent.h>
configure:3768: result: gcc -E
configure:3788: gcc -E  conftest.c
configure:3788: $? = 0
configure:3802: gcc -E  conftest.c
conftest.c:10:28: fatal error: ac_nonexistent.h: No such file or directory
 #include <ac_nonexistent.h>
                            ^
compilation terminated.
configure:3802: $? = 1
configure: failed program was:
| /* confdefs.h */
| #define PACKAGE_NAME "HTSlib"
| #define PACKAGE_TARNAME "htslib"
| #define PACKAGE_VERSION "1.9"
| #define PACKAGE_STRING "HTSlib 1.9"
| #define PACKAGE_BUGREPORT "samtools-help@lists.sourceforge.net"
| #define PACKAGE_URL "http://www.htslib.org/"
| #define HAVE_FSEEKO 1
| /* end confdefs.h.  */
| #include <ac_nonexistent.h>
configure:3831: checking for egrep
configure:3893: result: /usr/bin/grep -E
configure:3898: checking for ANSI C header files
configure:3918: gcc -c  -Wall -g -O2  conftest.c >&5
configure:3918: $? = 0
configure:3991: gcc -o conftest  -Wall -g -O2   conftest.c  >&5
configure:3991: $? = 0
configure:3991: ./conftest
configure:3991: $? = 0
configure:4002: result: yes
configure:4015: checking for sys/types.h
configure:4015: gcc -c  -Wall -g -O2  conftest.c >&5
configure:4015: $? = 0
configure:4015: result: yes
configure:4015: checking for sys/stat.h
configure:4015: gcc -c  -Wall -g -O2  conftest.c >&5
configure:4015: $? = 0
configure:4015: result: yes
configure:4015: checking for stdlib.h
configure:4015: gcc -c  -Wall -g -O2  conftest.c >&5
configure:4015: $? = 0
configure:4015: result: yes
configure:4015: checking for string.h
configure:4015: gcc -c  -Wall -g -O2  conftest.c >&5
configure:4015: $? = 0
configure:4015: result: yes
configure:4015: checking for memory.h
configure:4015: gcc -c  -Wall -g -O2  conftest.c >&5
configure:4015: $? = 0
configure:4015: result: yes
configure:4015: checking for strings.h
configure:4015: gcc -c  -Wall -g -O2  conftest.c >&5
configure:4015: $? = 0
configure:4015: result: yes
configure:4015: checking for inttypes.h
configure:4015: gcc -c  -Wall -g -O2  conftest.c >&5
configure:4015: $? = 0
configure:4015: result: yes
configure:4015: checking for stdint.h
configure:4015: gcc -c  -Wall -g -O2  conftest.c >&5
configure:4015: $? = 0
configure:4015: result: yes
configure:4015: checking for unistd.h
configure:4015: gcc -c  -Wall -g -O2  conftest.c >&5
configure:4015: $? = 0
configure:4015: result: yes
configure:4033: checking for stdlib.h
configure:4033: result: yes
configure:4033: checking for unistd.h
configure:4033: result: yes
configure:4033: checking for sys/param.h
configure:4033: gcc -c  -Wall -g -O2  conftest.c >&5
configure:4033: $? = 0
configure:4033: result: yes
configure:4053: checking for getpagesize
configure:4053: gcc -o conftest  -Wall -g -O2   conftest.c  >&5
configure:4053: $? = 0
configure:4053: result: yes
configure:4062: checking for working mmap
configure:4209: gcc -o conftest  -Wall -g -O2   conftest.c  >&5
configure:4209: $? = 0
configure:4209: ./conftest
configure:4209: $? = 0
configure:4219: result: yes
configure:4231: checking for gmtime_r
configure:4231: gcc -o conftest  -Wall -g -O2   conftest.c  >&5
configure:4231: $? = 0
configure:4231: result: yes
configure:4231: checking for fsync
configure:4231: gcc -o conftest  -Wall -g -O2   conftest.c  >&5
configure:4231: $? = 0
configure:4231: result: yes
configure:4231: checking for drand48
configure:4231: gcc -o conftest  -Wall -g -O2   conftest.c  >&5
configure:4231: $? = 0
configure:4231: result: yes
configure:4243: checking whether fdatasync is declared
configure:4243: gcc -c  -Wall -g -O2  conftest.c >&5
configure:4243: $? = 0
configure:4243: result: yes
configure:4247: checking for fdatasync
configure:4247: gcc -o conftest  -Wall -g -O2   conftest.c  >&5
configure:4247: $? = 0
configure:4247: result: yes
configure:4343: checking for library containing log
configure:4374: gcc -o conftest  -Wall -g -O2   conftest.c  >&5
conftest.c:36:6: warning: conflicting types for built-in function 'log' [enabled by default]
 char log ();
      ^
/tmp/cc2p3YHs.o: In function `main':
/mnt/sda/huangweihua/MegaBOLT/SuperPlus/SuperPlus/lib/htslib/build/conftest.c:40: undefined reference to `log'
collect2: error: ld returned 1 exit status
configure:4374: $? = 1
configure: failed program was:
| /* confdefs.h */
| #define PACKAGE_NAME "HTSlib"
| #define PACKAGE_TARNAME "htslib"
| #define PACKAGE_VERSION "1.9"
| #define PACKAGE_STRING "HTSlib 1.9"
| #define PACKAGE_BUGREPORT "samtools-help@lists.sourceforge.net"
| #define PACKAGE_URL "http://www.htslib.org/"
| #define HAVE_FSEEKO 1
| #define STDC_HEADERS 1
| #define HAVE_SYS_TYPES_H 1
| #define HAVE_SYS_STAT_H 1
| #define HAVE_STDLIB_H 1
| #define HAVE_STRING_H 1
| #define HAVE_MEMORY_H 1
| #define HAVE_STRINGS_H 1
| #define HAVE_INTTYPES_H 1
| #define HAVE_STDINT_H 1
| #define HAVE_UNISTD_H 1
| #define HAVE_STDLIB_H 1
| #define HAVE_UNISTD_H 1
| #define HAVE_SYS_PARAM_H 1
| #define HAVE_GETPAGESIZE 1
| #define HAVE_MMAP 1
| #define HAVE_GMTIME_R 1
| #define HAVE_FSYNC 1
| #define HAVE_DRAND48 1
| #define HAVE_FDATASYNC 1
| /* end confdefs.h.  */
| 
| /* Override any GCC internal prototype to avoid an error.
|    Use char because int might match the return type of a GCC
|    builtin and then its argument prototype would still apply.  */
| #ifdef __cplusplus
| extern "C"
| #endif
| char log ();
| int
| main ()
| {
| return log ();
|   ;
|   return 0;
| }
configure:4374: gcc -o conftest  -Wall -g -O2   conftest.c -lm   >&5
conftest.c:36:6: warning: conflicting types for built-in function 'log' [enabled by default]
 char log ();
      ^
configure:4374: $? = 0
configure:4391: result: -lm
configure:4411: checking for zlib.h
configure:4411: gcc -c  -Wall -g -O2  conftest.c >&5
configure:4411: $? = 0
configure:4411: result: yes
configure:4420: checking for inflate in -lz
configure:4445: gcc -o conftest  -Wall -g -O2   conftest.c -lz  -lm  >&5
configure:4445: $? = 0
configure:4454: result: yes
configure:4485: checking for library containing recv
configure:4516: gcc -o conftest  -Wall -g -O2   conftest.c -lz -lm  >&5
configure:4516: $? = 0
configure:4533: result: none required
configure:4727: checking for libdeflate.h
configure:4727: gcc -c  -Wall -g -O2  conftest.c >&5
conftest.c:32:24: fatal error: libdeflate.h: No such file or directory
 #include <libdeflate.h>
                        ^
compilation terminated.
configure:4727: $? = 1
configure: failed program was:
| /* confdefs.h */
| #define PACKAGE_NAME "HTSlib"
| #define PACKAGE_TARNAME "htslib"
| #define PACKAGE_VERSION "1.9"
| #define PACKAGE_STRING "HTSlib 1.9"
| #define PACKAGE_BUGREPORT "samtools-help@lists.sourceforge.net"
| #define PACKAGE_URL "http://www.htslib.org/"
| #define HAVE_FSEEKO 1
| #define STDC_HEADERS 1
| #define HAVE_SYS_TYPES_H 1
| #define HAVE_SYS_STAT_H 1
| #define HAVE_STDLIB_H 1
| #define HAVE_STRING_H 1
| #define HAVE_MEMORY_H 1
| #define HAVE_STRINGS_H 1
| #define HAVE_INTTYPES_H 1
| #define HAVE_STDINT_H 1
| #define HAVE_UNISTD_H 1
| #define HAVE_STDLIB_H 1
| #define HAVE_UNISTD_H 1
| #define HAVE_SYS_PARAM_H 1
| #define HAVE_GETPAGESIZE 1
| #define HAVE_MMAP 1
| #define HAVE_GMTIME_R 1
| #define HAVE_FSYNC 1
| #define HAVE_DRAND48 1
| #define HAVE_FDATASYNC 1
| #define HAVE_LIBZ 1
| /* end confdefs.h.  */
| ;
| 
| #include <libdeflate.h>
configure:4727: result: no
configure:4736: checking for libdeflate_deflate_compress in -ldeflate
configure:4761: gcc -o conftest  -Wall -g -O2   conftest.c -ldeflate  -lz -lm  >&5
/usr/bin/ld: cannot find -ldeflate
collect2: error: ld returned 1 exit status
configure:4761: $? = 1
configure: failed program was:
| /* confdefs.h */
| #define PACKAGE_NAME "HTSlib"
| #define PACKAGE_TARNAME "htslib"
| #define PACKAGE_VERSION "1.9"
| #define PACKAGE_STRING "HTSlib 1.9"
| #define PACKAGE_BUGREPORT "samtools-help@lists.sourceforge.net"
| #define PACKAGE_URL "http://www.htslib.org/"
| #define HAVE_FSEEKO 1
| #define STDC_HEADERS 1
| #define HAVE_SYS_TYPES_H 1
| #define HAVE_SYS_STAT_H 1
| #define HAVE_STDLIB_H 1
| #define HAVE_STRING_H 1
| #define HAVE_MEMORY_H 1
| #define HAVE_STRINGS_H 1
| #define HAVE_INTTYPES_H 1
| #define HAVE_STDINT_H 1
| #define HAVE_UNISTD_H 1
| #define HAVE_STDLIB_H 1
| #define HAVE_UNISTD_H 1
| #define HAVE_SYS_PARAM_H 1
| #define HAVE_GETPAGESIZE 1
| #define HAVE_MMAP 1
| #define HAVE_GMTIME_R 1
| #define HAVE_FSYNC 1
| #define HAVE_DRAND48 1
| #define HAVE_FDATASYNC 1
| #define HAVE_LIBZ 1
| /* end confdefs.h.  */
| 
| /* Override any GCC internal prototype to avoid an error.
|    Use char because int might match the return type of a GCC
|    builtin and then its argument prototype would still apply.  */
| #ifdef __cplusplus
| extern "C"
| #endif
| char libdeflate_deflate_compress ();
| int
| main ()
| {
| return libdeflate_deflate_compress ();
|   ;
|   return 0;
| }
configure:4770: result: no
configure:4935: WARNING: GCS support not enabled: requires libcurl support
configure:4959: WARNING: S3 support not enabled: requires libcurl support
configure:5074: checking whether PTHREAD_MUTEX_RECURSIVE is declared
configure:5074: gcc -c  -Wall -g -O2  conftest.c >&5
configure:5074: $? = 0
configure:5074: result: yes
configure:5219: creating ./config.status

## ---------------------- ##
## Running config.status. ##
## ---------------------- ##

This file was extended by HTSlib config.status 1.9, which was
generated by GNU Autoconf 2.69.  Invocation command line was

  CONFIG_FILES    = 
  CONFIG_HEADERS  = 
  CONFIG_LINKS    = 
  CONFIG_COMMANDS = 
  $ ./config.status 

on localhost.localdomain

config.status:824: creating config.mk
config.status:824: creating htslib.pc.tmp
config.status:824: creating config.h
config.status:994: config.h is unchanged

## ---------------- ##
## Cache variables. ##
## ---------------- ##

ac_cv_c_compiler_gnu=yes
ac_cv_env_CC_set=
ac_cv_env_CC_value=
ac_cv_env_CFLAGS_set=
ac_cv_env_CFLAGS_value=
ac_cv_env_CPPFLAGS_set=
ac_cv_env_CPPFLAGS_value=
ac_cv_env_CPP_set=
ac_cv_env_CPP_value=
ac_cv_env_LDFLAGS_set=
ac_cv_env_LDFLAGS_value=
ac_cv_env_LIBS_set=
ac_cv_env_LIBS_value=
ac_cv_env_build_alias_set=
ac_cv_env_build_alias_value=
ac_cv_env_host_alias_set=
ac_cv_env_host_alias_value=
ac_cv_env_target_alias_set=
ac_cv_env_target_alias_value=
ac_cv_func_drand48=yes
ac_cv_func_fdatasync=yes
ac_cv_func_fsync=yes
ac_cv_func_getpagesize=yes
ac_cv_func_gmtime_r=yes
ac_cv_func_mmap_fixed_mapped=yes
ac_cv_have_decl_PTHREAD_MUTEX_RECURSIVE=yes
ac_cv_have_decl_fdatasync_int_=yes
ac_cv_header_inttypes_h=yes
ac_cv_header_libdeflate_h=no
ac_cv_header_memory_h=yes
ac_cv_header_stdc=yes
ac_cv_header_stdint_h=yes
ac_cv_header_stdlib_h=yes
ac_cv_header_string_h=yes
ac_cv_header_strings_h=yes
ac_cv_header_sys_param_h=yes
ac_cv_header_sys_stat_h=yes
ac_cv_header_sys_types_h=yes
ac_cv_header_unistd_h=yes
ac_cv_header_zlib_h=yes
ac_cv_lib_deflate_libdeflate_deflate_compress=no
ac_cv_lib_z_inflate=yes
ac_cv_objext=o
ac_cv_path_EGREP='/usr/bin/grep -E'
ac_cv_path_GREP=/usr/bin/grep
ac_cv_prog_CPP='gcc -E'
ac_cv_prog_ac_ct_CC=gcc
ac_cv_prog_ac_ct_RANLIB=ranlib
ac_cv_prog_cc_c89=
ac_cv_prog_cc_g=yes
ac_cv_search_log=-lm
ac_cv_search_recv='none required'
ac_cv_sys_file_offset_bits=no
ac_cv_sys_largefile_CC=no
ac_cv_sys_largefile_source=no
hts_cv_prog_cc_warnings=-Wall

## ----------------- ##
## Output variables. ##
## ----------------- ##

CC='gcc'
CFLAGS=' -Wall -g -O2'
CPP='gcc -E'
CPPFLAGS=''
CRYPTO_LIBS=''
DEFS='-DHAVE_CONFIG_H'
ECHO_C=''
ECHO_N='-n'
ECHO_T=''
EGREP='/usr/bin/grep -E'
EXEEXT=''
GREP='/usr/bin/grep'
LDFLAGS=''
LIBOBJS=''
LIBS='-lz -lm '
LTLIBOBJS=''
OBJEXT='o'
PACKAGE_BUGREPORT='samtools-help@lists.sourceforge.net'
PACKAGE_NAME='HTSlib'
PACKAGE_STRING='HTSlib 1.9'
PACKAGE_TARNAME='htslib'
PACKAGE_URL='http://www.htslib.org/'
PACKAGE_VERSION='1.9'
PATH_SEPARATOR=':'
PLATFORM='default'
PLUGIN_EXT='.so'
RANLIB='ranlib'
SHELL='/bin/sh'
ac_ct_CC='gcc'
bindir='${exec_prefix}/bin'
build_alias=''
datadir='${datarootdir}'
datarootdir='${prefix}/share'
docdir='${datarootdir}/doc/${PACKAGE_TARNAME}'
dvidir='${docdir}'
enable_plugins='no'
exec_prefix='${prefix}'
gcs='disabled'
host_alias='unknown-Linux'
htmldir='${docdir}'
includedir='${prefix}/include'
infodir='${datarootdir}/info'
libcurl='disabled'
libdir='${exec_prefix}/lib'
libexecdir='${exec_prefix}/libexec'
localedir='${datarootdir}/locale'
localstatedir='${prefix}/var'
mandir='${datarootdir}/man'
oldincludedir='/usr/include'
pc_requires=''
pdfdir='${docdir}'
plugindir='$(libexecdir)/htslib'
pluginpath='$(libexecdir)/htslib'
prefix='/1.9'
private_LIBS=''
program_transform_name='s,x,x,'
psdir='${docdir}'
s3='disabled'
sbindir='${exec_prefix}/sbin'
sharedstatedir='${prefix}/com'
static_LDFLAGS=''
static_LIBS='-lpthread -lz -lm'
sysconfdir='${prefix}/etc'
target_alias=''

## ----------- ##
## confdefs.h. ##
## ----------- ##

/* confdefs.h */
#define PACKAGE_NAME "HTSlib"
#define PACKAGE_TARNAME "htslib"
#define PACKAGE_VERSION "1.9"
#define PACKAGE_STRING "HTSlib 1.9"
#define PACKAGE_BUGREPORT "samtools-help@lists.sourceforge.net"
#define PACKAGE_URL "http://www.htslib.org/"
#define HAVE_FSEEKO 1
#define STDC_HEADERS 1
#define HAVE_SYS_TYPES_H 1
#define HAVE_SYS_STAT_H 1
#define HAVE_STDLIB_H 1
#define HAVE_STRING_H 1
#define HAVE_MEMORY_H 1
#define HAVE_STRINGS_H 1
#define HAVE_INTTYPES_H 1
#define HAVE_STDINT_H 1
#define HAVE_UNISTD_H 1
#define HAVE_STDLIB_H 1
#define HAVE_UNISTD_H 1
#define HAVE_SYS_PARAM_H 1
#define HAVE_GETPAGESIZE 1
#define HAVE_MMAP 1
#define HAVE_GMTIME_R 1
#define HAVE_FSYNC 1
#define HAVE_DRAND48 1
#define HAVE_FDATASYNC 1
#define HAVE_LIBZ 1

configure: exit 0
